<?xml version="1.0" encoding="utf-8"?><testsuites><testsuite name="pytest" errors="0" failures="0" skipped="0" tests="3" time="9.094" timestamp="2025-01-05T13:21:31.195231+05:30" hostname="Arpitha"><testcase classname="tests.test_data_validation" name="test_missing_value_handling" time="3.264" /><testcase classname="tests.test_data_validation" name="test_column_names" time="2.709" /><testcase classname="tests.test_data_validation" name="test_data_types" time="2.215" /></testsuite></testsuites>