<?xml version="1.0" encoding="utf-8"?><testsuites><testsuite name="pytest" errors="0" failures="0" skipped="0" tests="7" time="18.621" timestamp="2025-01-05T14:31:37.711351+05:30" hostname="Arpitha"><testcase classname="tests.test_data_validation" name="test_missing_value_handling" time="3.154" /><testcase classname="tests.test_data_validation" name="test_column_names" time="2.781" /><testcase classname="tests.test_data_validation" name="test_data_types" time="2.112" /><testcase classname="tests.test_feature_engineering" name="test_missing_value_imputation" time="2.113" /><testcase classname="tests.test_feature_engineering" name="test_feature_scaling" time="2.146" /><testcase classname="tests.test_feature_engineering" name="test_label_encoding" time="2.096" /><testcase classname="tests.test_feature_engineering" name="test_feature_engineering_pipeline" time="2.095" /></testsuite></testsuites>